
 [start] - Tue Jun 09 17:21:29 PDT 2020 - started the server!
 [kill] - Tue Jun 09 17:23:01 PDT 2020 - killing process gracefully!
 [kill] - Tue Jun 09 17:23:03 PDT 2020 - killing process forcefully!
 [start] - Tue Jun 09 17:23:03 PDT 2020 - started the server!
 [kill] - Tue Jun 09 17:24:07 PDT 2020 - killing process gracefully!
 [kill] - Tue Jun 09 17:24:09 PDT 2020 - killing process forcefully!
 [start] - Tue Jun 09 17:24:09 PDT 2020 - started the server!
 [kill] - Tue Jun 09 17:24:50 PDT 2020 - killing process gracefully!
 [kill] - Tue Jun 09 17:24:53 PDT 2020 - killing process forcefully!
 [start] - Tue Jun 09 17:24:53 PDT 2020 - started the server!
 [kill] - Tue Jun 09 17:25:40 PDT 2020 - killing process gracefully!
 [kill] - Tue Jun 09 17:25:42 PDT 2020 - killing process forcefully!
 [start] - Tue Jun 09 17:25:42 PDT 2020 - started the server!
 [kill] - Tue Jun 09 17:27:05 PDT 2020 - killing process gracefully!
 [kill] - Tue Jun 09 17:27:07 PDT 2020 - killing process forcefully!
 [start] - Tue Jun 09 17:27:07 PDT 2020 - started the server!
 [kill] - Tue Jun 09 17:29:45 PDT 2020 - killing process gracefully!
 [kill] - Tue Jun 09 17:29:47 PDT 2020 - killing process forcefully!
 [start] - Tue Jun 09 17:29:47 PDT 2020 - started the server!
 [kill] - Wed Jun 10 11:16:48 PDT 2020 - killing process gracefully!
 [kill] - Wed Jun 10 11:16:50 PDT 2020 - killing process forcefully!
 [start] - Wed Jun 10 11:16:50 PDT 2020 - started the server!