2020-06-03 17:03:50,995 [ERROR] from com.jpro.internal.server.ViewSerializerActor in JavaFX Application Thread - JavaFXStreamer - got Exception: 
java.lang.AssertionError: assertion failed: Couldn't find the instance for: AppByID(1524258569,None)
	at scala.Predef$.assert(Predef.scala:223)
	at com.jpro.internal.config.ApplicationStarter$.getApplication(ApplicationStarter.scala:59)
	at com.jpro.internal.communicator.ViewImpl.<init>(ViewImpl.scala:29)
	at com.jpro.internal.server.ViewByActor.<init>(ViewSerializerActor.scala:82)
	at com.jpro.internal.server.ViewSerializerActor$$anonfun$receive$1$$anonfun$applyOrElse$1.$anonfun$applyOrElse$2(ViewSerializerActor.scala:50)
	at scala.runtime.java8.JFunction0$mcV$sp.apply(JFunction0$mcV$sp.java:23)
	at simplefx.util.Predef$.$anonfun$runInAndBlock$1(Predef.scala:184)
	at scala.runtime.java8.JFunction0$mcV$sp.apply(JFunction0$mcV$sp.java:23)
	at simplefx.cores.standard.parts.CoreTimeEvent.$anonfun$runAsAnimation$1(CoreTimeEvent.scala:64)
	at simplefx.cores.standard.parts.CoreTimeEvent$$anon$2.handle(CoreTimeEvent.scala:46)
	at javafx.animation.AnimationTimer$AnimationTimerReceiver.lambda$handle$0(AnimationTimer.java:57)
	at java.base/java.security.AccessController.doPrivileged(Native Method)
	at javafx.animation.AnimationTimer$AnimationTimerReceiver.handle(AnimationTimer.java:56)
	at com.sun.scenario.animation.AbstractMasterTimer.timePulseImpl(AbstractMasterTimer.java:357)
	at com.sun.scenario.animation.AbstractMasterTimer$MainLoop.run(AbstractMasterTimer.java:267)
	at com.sun.javafx.tk.quantum.QuantumToolkit.pulse(QuantumToolkit.java:525)
	at com.sun.javafx.tk.quantum.QuantumToolkit.pulse(QuantumToolkit.java:509)
	at com.sun.javafx.tk.quantum.QuantumToolkit.pulseFromQueue(QuantumToolkit.java:502)
	at com.sun.javafx.tk.quantum.QuantumToolkit.lambda$runToolkit$12(QuantumToolkit.java:326)
	at com.sun.glass.ui.monocle.RunnableProcessor.runLoop(RunnableProcessor.java:92)
	at com.sun.glass.ui.monocle.RunnableProcessor.run(RunnableProcessor.java:51)
	at java.base/java.lang.Thread.run(Thread.java:834)
2020-06-03 17:08:53,534 [ERROR] from com.jpro.internal.server.ViewSerializerActor in JavaFX Application Thread - JavaFXStreamer - got Exception: 
java.lang.AssertionError: assertion failed: Couldn't find the instance for: AppByID(1695023302,None)
	at scala.Predef$.assert(Predef.scala:223)
	at com.jpro.internal.config.ApplicationStarter$.getApplication(ApplicationStarter.scala:59)
	at com.jpro.internal.communicator.ViewImpl.<init>(ViewImpl.scala:29)
	at com.jpro.internal.server.ViewByActor.<init>(ViewSerializerActor.scala:82)
	at com.jpro.internal.server.ViewSerializerActor$$anonfun$receive$1$$anonfun$applyOrElse$1.$anonfun$applyOrElse$2(ViewSerializerActor.scala:50)
	at scala.runtime.java8.JFunction0$mcV$sp.apply(JFunction0$mcV$sp.java:23)
	at simplefx.util.Predef$.$anonfun$runInAndBlock$1(Predef.scala:184)
	at scala.runtime.java8.JFunction0$mcV$sp.apply(JFunction0$mcV$sp.java:23)
	at simplefx.cores.standard.parts.CoreTimeEvent.$anonfun$runAsAnimation$1(CoreTimeEvent.scala:64)
	at simplefx.cores.standard.parts.CoreTimeEvent$$anon$2.handle(CoreTimeEvent.scala:46)
	at javafx.animation.AnimationTimer$AnimationTimerReceiver.lambda$handle$0(AnimationTimer.java:57)
	at java.base/java.security.AccessController.doPrivileged(Native Method)
	at javafx.animation.AnimationTimer$AnimationTimerReceiver.handle(AnimationTimer.java:56)
	at com.sun.scenario.animation.AbstractMasterTimer.timePulseImpl(AbstractMasterTimer.java:357)
	at com.sun.scenario.animation.AbstractMasterTimer$MainLoop.run(AbstractMasterTimer.java:267)
	at com.sun.javafx.tk.quantum.QuantumToolkit.pulse(QuantumToolkit.java:525)
	at com.sun.javafx.tk.quantum.QuantumToolkit.pulse(QuantumToolkit.java:509)
	at com.sun.javafx.tk.quantum.QuantumToolkit.pulseFromQueue(QuantumToolkit.java:502)
	at com.sun.javafx.tk.quantum.QuantumToolkit.lambda$runToolkit$12(QuantumToolkit.java:326)
	at com.sun.glass.ui.monocle.RunnableProcessor.runLoop(RunnableProcessor.java:92)
	at com.sun.glass.ui.monocle.RunnableProcessor.run(RunnableProcessor.java:51)
	at java.base/java.lang.Thread.run(Thread.java:834)
2020-06-09 14:01:44,747 [ERROR] from akka.io.TcpListener in application-akka.actor.default-dispatcher-6 - Bind failed for TCP channel on endpoint [/0.0.0.0:8080]
java.net.BindException: Address already in use
	at java.base/sun.nio.ch.Net.bind0(Native Method)
	at java.base/sun.nio.ch.Net.bind(Net.java:461)
	at java.base/sun.nio.ch.Net.bind(Net.java:453)
	at java.base/sun.nio.ch.ServerSocketChannelImpl.bind(ServerSocketChannelImpl.java:227)
	at java.base/sun.nio.ch.ServerSocketAdaptor.bind(ServerSocketAdaptor.java:80)
	at akka.io.TcpListener.liftedTree1$1(TcpListener.scala:59)
	at akka.io.TcpListener.<init>(TcpListener.scala:56)
	at java.base/jdk.internal.reflect.NativeConstructorAccessorImpl.newInstance0(Native Method)
	at java.base/jdk.internal.reflect.NativeConstructorAccessorImpl.newInstance(NativeConstructorAccessorImpl.java:62)
	at java.base/jdk.internal.reflect.DelegatingConstructorAccessorImpl.newInstance(DelegatingConstructorAccessorImpl.java:45)
	at java.base/java.lang.reflect.Constructor.newInstance(Constructor.java:490)
	at akka.util.Reflect$.instantiate(Reflect.scala:68)
	at akka.actor.ArgsReflectConstructor.produce(IndirectActorProducer.scala:101)
	at akka.actor.Props.newActor(Props.scala:212)
	at akka.actor.ActorCell.newActor(ActorCell.scala:648)
	at akka.actor.ActorCell.create(ActorCell.scala:674)
	at akka.actor.ActorCell.invokeAll$1(ActorCell.scala:547)
	at akka.actor.ActorCell.systemInvoke(ActorCell.scala:569)
	at akka.dispatch.Mailbox.processAllSystemMessages(Mailbox.scala:293)
	at akka.dispatch.Mailbox.run(Mailbox.scala:228)
	at akka.dispatch.Mailbox.exec(Mailbox.scala:241)
	at akka.dispatch.forkjoin.ForkJoinTask.doExec(ForkJoinTask.java:260)
	at akka.dispatch.forkjoin.ForkJoinPool$WorkQueue.runTask(ForkJoinPool.java:1339)
	at akka.dispatch.forkjoin.ForkJoinPool.runWorker(ForkJoinPool.java:1979)
	at akka.dispatch.forkjoin.ForkJoinWorkerThread.run(ForkJoinWorkerThread.java:107)
