2020-06-03 17:03:50,995 [ERROR] from com.jpro.internal.server.ViewSerializerActor in JavaFX Application Thread - JavaFXStreamer - got Exception: 
java.lang.AssertionError: assertion failed: Couldn't find the instance for: AppByID(1524258569,None)
	at scala.Predef$.assert(Predef.scala:223)
	at com.jpro.internal.config.ApplicationStarter$.getApplication(ApplicationStarter.scala:59)
	at com.jpro.internal.communicator.ViewImpl.<init>(ViewImpl.scala:29)
	at com.jpro.internal.server.ViewByActor.<init>(ViewSerializerActor.scala:82)
	at com.jpro.internal.server.ViewSerializerActor$$anonfun$receive$1$$anonfun$applyOrElse$1.$anonfun$applyOrElse$2(ViewSerializerActor.scala:50)
	at scala.runtime.java8.JFunction0$mcV$sp.apply(JFunction0$mcV$sp.java:23)
	at simplefx.util.Predef$.$anonfun$runInAndBlock$1(Predef.scala:184)
	at scala.runtime.java8.JFunction0$mcV$sp.apply(JFunction0$mcV$sp.java:23)
	at simplefx.cores.standard.parts.CoreTimeEvent.$anonfun$runAsAnimation$1(CoreTimeEvent.scala:64)
	at simplefx.cores.standard.parts.CoreTimeEvent$$anon$2.handle(CoreTimeEvent.scala:46)
	at javafx.animation.AnimationTimer$AnimationTimerReceiver.lambda$handle$0(AnimationTimer.java:57)
	at java.base/java.security.AccessController.doPrivileged(Native Method)
	at javafx.animation.AnimationTimer$AnimationTimerReceiver.handle(AnimationTimer.java:56)
	at com.sun.scenario.animation.AbstractMasterTimer.timePulseImpl(AbstractMasterTimer.java:357)
	at com.sun.scenario.animation.AbstractMasterTimer$MainLoop.run(AbstractMasterTimer.java:267)
	at com.sun.javafx.tk.quantum.QuantumToolkit.pulse(QuantumToolkit.java:525)
	at com.sun.javafx.tk.quantum.QuantumToolkit.pulse(QuantumToolkit.java:509)
	at com.sun.javafx.tk.quantum.QuantumToolkit.pulseFromQueue(QuantumToolkit.java:502)
	at com.sun.javafx.tk.quantum.QuantumToolkit.lambda$runToolkit$12(QuantumToolkit.java:326)
	at com.sun.glass.ui.monocle.RunnableProcessor.runLoop(RunnableProcessor.java:92)
	at com.sun.glass.ui.monocle.RunnableProcessor.run(RunnableProcessor.java:51)
	at java.base/java.lang.Thread.run(Thread.java:834)
2020-06-03 17:06:04,817 [WARN] from com.jpro.internal.stats.ServerInfo$ in JavaFX Application Thread - high memory usage: 96.33198547363281%
2020-06-03 17:06:24,832 [WARN] from com.jpro.internal.stats.ServerInfo$ in JavaFX Application Thread - high memory usage: 95.98170166015625%
2020-06-03 17:06:44,844 [WARN] from com.jpro.internal.stats.ServerInfo$ in JavaFX Application Thread - high memory usage: 96.24692459106446%
2020-06-03 17:07:04,851 [WARN] from com.jpro.internal.stats.ServerInfo$ in JavaFX Application Thread - high memory usage: 96.39760208129883%
2020-06-03 17:07:24,854 [WARN] from com.jpro.internal.stats.ServerInfo$ in JavaFX Application Thread - high memory usage: 94.57323989868163%
2020-06-03 17:07:44,856 [WARN] from com.jpro.internal.stats.ServerInfo$ in JavaFX Application Thread - high memory usage: 90.72960357666015%
2020-06-03 17:08:04,858 [WARN] from com.jpro.internal.stats.ServerInfo$ in JavaFX Application Thread - high memory usage: 91.39900207519531%
2020-06-03 17:08:24,868 [WARN] from com.jpro.internal.stats.ServerInfo$ in JavaFX Application Thread - high memory usage: 91.92309646606446%
2020-06-03 17:08:44,876 [WARN] from com.jpro.internal.stats.ServerInfo$ in JavaFX Application Thread - high memory usage: 90.23835906982421%
2020-06-03 17:08:53,534 [ERROR] from com.jpro.internal.server.ViewSerializerActor in JavaFX Application Thread - JavaFXStreamer - got Exception: 
java.lang.AssertionError: assertion failed: Couldn't find the instance for: AppByID(1695023302,None)
	at scala.Predef$.assert(Predef.scala:223)
	at com.jpro.internal.config.ApplicationStarter$.getApplication(ApplicationStarter.scala:59)
	at com.jpro.internal.communicator.ViewImpl.<init>(ViewImpl.scala:29)
	at com.jpro.internal.server.ViewByActor.<init>(ViewSerializerActor.scala:82)
	at com.jpro.internal.server.ViewSerializerActor$$anonfun$receive$1$$anonfun$applyOrElse$1.$anonfun$applyOrElse$2(ViewSerializerActor.scala:50)
	at scala.runtime.java8.JFunction0$mcV$sp.apply(JFunction0$mcV$sp.java:23)
	at simplefx.util.Predef$.$anonfun$runInAndBlock$1(Predef.scala:184)
	at scala.runtime.java8.JFunction0$mcV$sp.apply(JFunction0$mcV$sp.java:23)
	at simplefx.cores.standard.parts.CoreTimeEvent.$anonfun$runAsAnimation$1(CoreTimeEvent.scala:64)
	at simplefx.cores.standard.parts.CoreTimeEvent$$anon$2.handle(CoreTimeEvent.scala:46)
	at javafx.animation.AnimationTimer$AnimationTimerReceiver.lambda$handle$0(AnimationTimer.java:57)
	at java.base/java.security.AccessController.doPrivileged(Native Method)
	at javafx.animation.AnimationTimer$AnimationTimerReceiver.handle(AnimationTimer.java:56)
	at com.sun.scenario.animation.AbstractMasterTimer.timePulseImpl(AbstractMasterTimer.java:357)
	at com.sun.scenario.animation.AbstractMasterTimer$MainLoop.run(AbstractMasterTimer.java:267)
	at com.sun.javafx.tk.quantum.QuantumToolkit.pulse(QuantumToolkit.java:525)
	at com.sun.javafx.tk.quantum.QuantumToolkit.pulse(QuantumToolkit.java:509)
	at com.sun.javafx.tk.quantum.QuantumToolkit.pulseFromQueue(QuantumToolkit.java:502)
	at com.sun.javafx.tk.quantum.QuantumToolkit.lambda$runToolkit$12(QuantumToolkit.java:326)
	at com.sun.glass.ui.monocle.RunnableProcessor.runLoop(RunnableProcessor.java:92)
	at com.sun.glass.ui.monocle.RunnableProcessor.run(RunnableProcessor.java:51)
	at java.base/java.lang.Thread.run(Thread.java:834)
2020-06-03 17:09:04,886 [WARN] from com.jpro.internal.stats.ServerInfo$ in JavaFX Application Thread - high memory usage: 91.24597473144532%
