2020-06-09 17:21:34,371 [INFO] in scala-execution-context-global-44 - [[37minfo[0m] c.j.i.s.Initializer$ - redirected OUT / ERR
2020-06-09 17:21:34,371 [INFO] in scala-execution-context-global-31 - [[37minfo[0m] c.j.i.s.Initializer$ - installed SLF4JBridge
2020-06-09 17:21:34,372 [INFO] in scala-execution-context-global-44 - [[37minfo[0m] c.j.i.s.MonocleInitializer$ - screen: null
2020-06-09 17:21:34,372 [INFO] in scala-execution-context-global-31 - Warning: Quantum will not submit render jobs, nothing should draw
2020-06-09 17:21:34,373 [INFO] in scala-execution-context-global-44 - [[37minfo[0m] c.j.i.s.Initializer$ - finished init!
2020-06-09 17:21:34,373 [INFO] in scala-execution-context-global-44 - [[37minfo[0m] c.j.i.s.Initializer$ - JavaFX version: 11.0.3.4-jpro+0-2019-12-20-172819
2020-06-09 17:21:34,428 [INFO] in scala-execution-context-global-47 - [[37minfo[0m] c.j.i.c.m.ChartJSONImExporter - Nothing to import
2020-06-09 17:21:34,431 [INFO] in scala-execution-context-global-47 - [[37minfo[0m] c.j.i.c.m.DynamicDataModel - Started Monitoring chart data...
2020-06-09 17:21:34,872 [INFO] in scala-execution-context-global-47 - [[37minfo[0m] play.api.Play - Application started (Prod)
2020-06-09 17:21:35,528 [INFO] in scala-execution-context-global-47 - [[37minfo[0m] p.c.s.AkkaHttpServer - Listening for HTTP on /0:0:0:0:0:0:0:0:8080
2020-06-09 17:21:37,003 [INFO] in scala-execution-context-global-47 - [[37minfo[0m] c.jpro - application requested: 0!default
2020-06-09 17:21:37,018 [INFO] in scala-execution-context-global-47 - [[37minfo[0m] c.jpro - Creating Application: 0!default
2020-06-09 17:21:37,020 [INFO] in scala-execution-context-global-47 - [[37minfo[0m] c.jpro - remoteAddress 0:0:0:0:0:0:0:1
2020-06-09 17:21:37,020 [INFO] in scala-execution-context-global-47 - [[37minfo[0m] c.jpro - host          localhost:8080
2020-06-09 17:21:37,021 [INFO] in scala-execution-context-global-31 - [[37minfo[0m] c.jpro - uri           /app/0!default
2020-06-09 17:21:37,509 [INFO] in scala-execution-context-global-31 - [[31merror[0m] c.j.i.s.ViewSerializerActor - JavaFXStreamer - got Exception: 
2020-06-09 17:21:37,509 [INFO] in scala-execution-context-global-31 - java.lang.Exception: Can't start com.maze.mazeFX.Main@6db9cfe2 with JPro. com.maze.mazeFX.Main@6db9cfe2 does not extend javafx.application.Application
2020-06-09 17:21:37,509 [INFO] in scala-execution-context-global-31 - 	at com.jpro.internal.config.ApplicationStarter$.$anonfun$startApplication$2(ApplicationStarter.scala:118)
2020-06-09 17:21:37,509 [INFO] in scala-execution-context-global-31 - 	at simplefx.cores.interfaces.parts.testing.CoreTesting.inFX(CoreTesting.scala:19)
2020-06-09 17:21:37,510 [INFO] in scala-execution-context-global-31 - 	at simplefx.cores.interfaces.parts.testing.CoreTesting.inFX$(CoreTesting.scala:16)
2020-06-09 17:21:37,510 [INFO] in scala-execution-context-global-31 - 	at simplefx.cores.standard.Core.inFX(Core.scala:9)
2020-06-09 17:21:37,510 [INFO] in scala-execution-context-global-44 - 	at com.jpro.internal.config.ApplicationStarter$.startApplication(ApplicationStarter.scala:114)
2020-06-09 17:21:37,510 [INFO] in scala-execution-context-global-44 - 	at com.jpro.internal.config.ApplicationStarter$.requestApplication(ApplicationStarter.scala:97)
2020-06-09 17:21:37,510 [INFO] in scala-execution-context-global-44 - 	at com.jpro.internal.config.ApplicationStarter$.getApplication(ApplicationStarter.scala:63)
2020-06-09 17:21:37,510 [INFO] in scala-execution-context-global-44 - 	at com.jpro.internal.communicator.ViewImpl.<init>(ViewImpl.scala:29)
2020-06-09 17:21:37,511 [INFO] in scala-execution-context-global-31 - 	at com.jpro.internal.server.ViewByActor.<init>(ViewSerializerActor.scala:82)
2020-06-09 17:21:37,511 [INFO] in scala-execution-context-global-31 - 	at com.jpro.internal.server.ViewSerializerActor$$anonfun$receive$1$$anonfun$applyOrElse$1.$anonfun$applyOrElse$2(ViewSerializerActor.scala:50)
2020-06-09 17:23:07,569 [INFO] in scala-execution-context-global-31 - [[37minfo[0m] c.j.i.s.Initializer$ - redirected OUT / ERR
2020-06-09 17:23:07,569 [INFO] in scala-execution-context-global-31 - [[37minfo[0m] c.j.i.s.Initializer$ - installed SLF4JBridge
2020-06-09 17:23:07,569 [INFO] in scala-execution-context-global-44 - [[37minfo[0m] c.j.i.s.MonocleInitializer$ - screen: null
2020-06-09 17:23:07,572 [INFO] in scala-execution-context-global-44 - Warning: Quantum will not submit render jobs, nothing should draw
2020-06-09 17:23:07,581 [INFO] in scala-execution-context-global-44 - [[37minfo[0m] c.j.i.s.Initializer$ - finished init!
2020-06-09 17:23:07,581 [INFO] in scala-execution-context-global-44 - [[37minfo[0m] c.j.i.s.Initializer$ - JavaFX version: 11.0.3.4-jpro+0-2019-12-20-172819
2020-06-09 17:23:07,876 [INFO] in scala-execution-context-global-31 - [[37minfo[0m] c.j.i.c.m.ChartJSONImExporter - Imported chart data Tue Jun 09 17:23:07 PDT 2020
2020-06-09 17:23:07,879 [INFO] in scala-execution-context-global-31 - [[37minfo[0m] c.j.i.c.m.DynamicDataModel - Started Monitoring chart data...
2020-06-09 17:23:08,150 [INFO] in scala-execution-context-global-31 - [[37minfo[0m] play.api.Play - Application started (Prod)
2020-06-09 17:23:09,002 [INFO] in scala-execution-context-global-31 - [[37minfo[0m] p.c.s.AkkaHttpServer - Listening for HTTP on /0:0:0:0:0:0:0:0:8080
2020-06-09 17:23:10,332 [INFO] in scala-execution-context-global-31 - [[37minfo[0m] c.jpro - application requested: 0!default
2020-06-09 17:23:10,347 [INFO] in scala-execution-context-global-31 - [[37minfo[0m] c.jpro - Creating Application: 0!default
2020-06-09 17:23:10,350 [INFO] in scala-execution-context-global-31 - [[37minfo[0m] c.jpro - remoteAddress 0:0:0:0:0:0:0:1
2020-06-09 17:23:10,350 [INFO] in scala-execution-context-global-31 - [[37minfo[0m] c.jpro - host          localhost:8080
2020-06-09 17:23:10,351 [INFO] in scala-execution-context-global-31 - [[37minfo[0m] c.jpro - uri           /app/0!default
2020-06-09 17:23:10,813 [INFO] in scala-execution-context-global-31 - [[31merror[0m] c.j.i.s.ViewSerializerActor - JavaFXStreamer - got Exception: 
2020-06-09 17:23:10,813 [INFO] in scala-execution-context-global-31 - java.lang.Exception: Can't start com.maze.mazeFX.Main@28b6b8cd with JPro. com.maze.mazeFX.Main@28b6b8cd does not extend javafx.application.Application
2020-06-09 17:23:10,813 [INFO] in scala-execution-context-global-31 - 	at com.jpro.internal.config.ApplicationStarter$.$anonfun$startApplication$2(ApplicationStarter.scala:118)
2020-06-09 17:23:10,813 [INFO] in scala-execution-context-global-31 - 	at simplefx.cores.interfaces.parts.testing.CoreTesting.inFX(CoreTesting.scala:19)
2020-06-09 17:23:10,813 [INFO] in scala-execution-context-global-31 - 	at simplefx.cores.interfaces.parts.testing.CoreTesting.inFX$(CoreTesting.scala:16)
2020-06-09 17:23:10,813 [INFO] in scala-execution-context-global-31 - 	at simplefx.cores.standard.Core.inFX(Core.scala:9)
2020-06-09 17:23:10,813 [INFO] in scala-execution-context-global-31 - 	at com.jpro.internal.config.ApplicationStarter$.startApplication(ApplicationStarter.scala:114)
2020-06-09 17:23:10,814 [INFO] in scala-execution-context-global-46 - 	at com.jpro.internal.config.ApplicationStarter$.requestApplication(ApplicationStarter.scala:97)
2020-06-09 17:23:10,814 [INFO] in scala-execution-context-global-31 - 	at com.jpro.internal.config.ApplicationStarter$.getApplication(ApplicationStarter.scala:63)
2020-06-09 17:23:10,814 [INFO] in scala-execution-context-global-31 - 	at com.jpro.internal.communicator.ViewImpl.<init>(ViewImpl.scala:29)
2020-06-09 17:23:10,814 [INFO] in scala-execution-context-global-31 - 	at com.jpro.internal.server.ViewByActor.<init>(ViewSerializerActor.scala:82)
2020-06-09 17:23:10,814 [INFO] in scala-execution-context-global-31 - 	at com.jpro.internal.server.ViewSerializerActor$$anonfun$receive$1$$anonfun$applyOrElse$1.$anonfun$applyOrElse$2(ViewSerializerActor.scala:50)
2020-06-09 17:24:13,596 [INFO] in scala-execution-context-global-44 - [[37minfo[0m] c.j.i.s.Initializer$ - redirected OUT / ERR
2020-06-09 17:24:13,597 [INFO] in scala-execution-context-global-44 - [[37minfo[0m] c.j.i.s.Initializer$ - installed SLF4JBridge
2020-06-09 17:24:13,597 [INFO] in scala-execution-context-global-44 - [[37minfo[0m] c.j.i.s.MonocleInitializer$ - screen: null
2020-06-09 17:24:13,597 [INFO] in scala-execution-context-global-44 - Warning: Quantum will not submit render jobs, nothing should draw
2020-06-09 17:24:13,597 [INFO] in scala-execution-context-global-44 - [[37minfo[0m] c.j.i.s.Initializer$ - finished init!
2020-06-09 17:24:13,597 [INFO] in scala-execution-context-global-44 - [[37minfo[0m] c.j.i.s.Initializer$ - JavaFX version: 11.0.3.4-jpro+0-2019-12-20-172819
2020-06-09 17:24:13,806 [INFO] in scala-execution-context-global-44 - [[37minfo[0m] c.j.i.c.m.ChartJSONImExporter - Imported chart data Tue Jun 09 17:24:13 PDT 2020
2020-06-09 17:24:13,808 [INFO] in scala-execution-context-global-44 - [[37minfo[0m] c.j.i.c.m.DynamicDataModel - Started Monitoring chart data...
2020-06-09 17:24:14,118 [INFO] in scala-execution-context-global-44 - [[37minfo[0m] play.api.Play - Application started (Prod)
2020-06-09 17:24:14,719 [INFO] in scala-execution-context-global-44 - [[37minfo[0m] p.c.s.AkkaHttpServer - Listening for HTTP on /0:0:0:0:0:0:0:0:8080
2020-06-09 17:24:15,811 [INFO] in scala-execution-context-global-44 - [[37minfo[0m] c.jpro - application requested: 0!default
2020-06-09 17:24:15,823 [INFO] in scala-execution-context-global-44 - [[37minfo[0m] c.jpro - Creating Application: 0!default
2020-06-09 17:24:15,828 [INFO] in scala-execution-context-global-44 - [[37minfo[0m] c.jpro - remoteAddress 0:0:0:0:0:0:0:1
2020-06-09 17:24:15,828 [INFO] in scala-execution-context-global-44 - [[37minfo[0m] c.jpro - host          localhost:8080
2020-06-09 17:24:15,828 [INFO] in scala-execution-context-global-44 - [[37minfo[0m] c.jpro - uri           /app/0!default
2020-06-09 17:24:16,405 [INFO] in scala-execution-context-global-44 - [[37minfo[0m] c.j.i.s.ViewSerializerActor - appdef: AppByMain(default,com.maze.mazeFX.View.MazeFX,None,NamedClassLoader(system),false) clientinfo: ClientInfo(http://localhost:8080/,http://localhost:8080/app/default,1920.0,977.0,false,en-US,List(en-US, en),Map(Idea-5603506d -> fcf36573-42fe-49ea-b564-4fe58576662c),Map(Host -> List(localhost:8080), Cookie -> List(Idea-5603506d=fcf36573-42fe-49ea-b564-4fe58576662c), Origin -> List(http://localhost:8080), Pragma -> List(no-cache), Upgrade -> List(websocket), Connection -> List(Upgrade), User-Agent -> List(Mozilla/5.0 (Macintosh; Intel Mac OS X 10_15_4) AppleWebKit/537.36 (KHTML, like Gecko) Chrome/83.0.4103.97 Safari/537.36), Cache-Control -> List(no-cache), Remote-Address -> List(0:0:0:0:0:0:0:1:52828), Timeout-Access -> List(<function1>), Accept-Encoding -> List(gzip, deflate, br), Accept-Language -> List(en-US,en;q=0.9), Raw-Request-URI -> List(/app/0!default), Tls-Session-Info -> List(Session(1591748654306|SSL_NULL_WITH_NULL_NULL)), Sec-WebSocket-Key -> List(iQFMDZw7wc1fFzZu24JBmw==), UpgradeToWebSocket -> List(), Sec-WebSocket-Version -> List(13), Sec-WebSocket-Extensions -> List(permessage-deflate; client_max_window_bits)))out: Actor[akka://application/system/StreamSupervisor-0/$$f-actorRefSource#-13749216]
2020-06-09 17:24:17,463 [INFO] in scala-execution-context-global-31 - [[37minfo[0m] c.j.m.s.Util$ - 5
2020-06-09 17:24:17,563 [INFO] in scala-execution-context-global-44 - [[37minfo[0m] com.jpro.JS - received msg: new MainID: 936 userid: 1092274549
2020-06-09 17:24:21,603 [INFO] in scala-execution-context-global-44 - [[37minfo[0m] c.j.i.s.ViewInfo$ - 
2020-06-09 17:24:21,604 [INFO] in scala-execution-context-global-44 - [[37minfo[0m] c.j.i.s.ViewInfo$ - Application closed:
2020-06-09 17:24:21,609 [INFO] in scala-execution-context-global-31 - [[37minfo[0m] c.j.i.s.ViewInfo$ - startTime      : Tue Jun 09 17:24:21 PDT 2020      
2020-06-09 17:24:21,609 [INFO] in scala-execution-context-global-31 - [[37minfo[0m] c.j.i.s.ViewInfo$ - averageLatency : 00:00:00.044 
2020-06-09 17:24:21,611 [INFO] in scala-execution-context-global-44 - [[37minfo[0m] c.j.i.s.ViewInfo$ - averageJitter  : 00:00:00.047  
2020-06-09 17:24:21,614 [INFO] in scala-execution-context-global-31 - [[37minfo[0m] c.j.i.s.ViewInfo$ - framerateServer: 00:00:00.000
2020-06-09 17:24:21,615 [INFO] in scala-execution-context-global-31 - [[37minfo[0m] c.j.i.s.ViewInfo$ - framerateClient: 00:00:00.000
2020-06-09 17:24:21,615 [INFO] in scala-execution-context-global-31 - [[37minfo[0m] c.j.i.s.ViewInfo$ - raw            : 46304
2020-06-09 17:24:21,615 [INFO] in scala-execution-context-global-31 - [[37minfo[0m] c.j.i.s.ViewInfo$ - zipped         : 7976
2020-06-09 17:24:21,615 [INFO] in scala-execution-context-global-31 - [[37minfo[0m] c.j.i.s.ViewInfo$ - 
2020-06-09 17:24:28,326 [INFO] in scala-execution-context-global-55 - [[37minfo[0m] c.j.i.c.InstanceImpl - closing window!
2020-06-09 17:24:57,611 [INFO] in scala-execution-context-global-31 - [[37minfo[0m] c.j.i.s.Initializer$ - redirected OUT / ERR
2020-06-09 17:24:57,611 [INFO] in scala-execution-context-global-44 - [[37minfo[0m] c.j.i.s.Initializer$ - installed SLF4JBridge
2020-06-09 17:24:57,640 [INFO] in scala-execution-context-global-44 - [[37minfo[0m] c.j.i.s.MonocleInitializer$ - screen: null
2020-06-09 17:24:57,646 [INFO] in scala-execution-context-global-44 - Warning: Quantum will not submit render jobs, nothing should draw
2020-06-09 17:24:57,646 [INFO] in scala-execution-context-global-44 - [[37minfo[0m] c.j.i.s.Initializer$ - finished init!
2020-06-09 17:24:57,647 [INFO] in scala-execution-context-global-46 - [[37minfo[0m] c.j.i.s.Initializer$ - JavaFX version: 11.0.3.4-jpro+0-2019-12-20-172819
2020-06-09 17:24:57,842 [INFO] in scala-execution-context-global-47 - [[37minfo[0m] c.j.i.c.m.ChartJSONImExporter - Imported chart data Tue Jun 09 17:24:57 PDT 2020
2020-06-09 17:24:57,847 [INFO] in scala-execution-context-global-47 - [[37minfo[0m] c.j.i.c.m.DynamicDataModel - Started Monitoring chart data...
2020-06-09 17:24:58,109 [INFO] in scala-execution-context-global-47 - [[37minfo[0m] play.api.Play - Application started (Prod)
2020-06-09 17:24:58,858 [INFO] in scala-execution-context-global-47 - [[37minfo[0m] p.c.s.AkkaHttpServer - Listening for HTTP on /0:0:0:0:0:0:0:0:8080
2020-06-09 17:25:00,026 [INFO] in scala-execution-context-global-47 - [[37minfo[0m] c.jpro - application requested: 0!default
2020-06-09 17:25:00,039 [INFO] in scala-execution-context-global-47 - [[37minfo[0m] c.jpro - Creating Application: 0!default
2020-06-09 17:25:00,044 [INFO] in scala-execution-context-global-47 - [[37minfo[0m] c.jpro - remoteAddress 0:0:0:0:0:0:0:1
2020-06-09 17:25:00,044 [INFO] in scala-execution-context-global-47 - [[37minfo[0m] c.jpro - host          localhost:8080
2020-06-09 17:25:00,045 [INFO] in scala-execution-context-global-47 - [[37minfo[0m] c.jpro - uri           /app/0!default
2020-06-09 17:25:00,540 [INFO] in scala-execution-context-global-47 - [[37minfo[0m] c.j.i.s.ViewSerializerActor - appdef: AppByMain(default,com.maze.mazeFX.View.MazeFX,None,NamedClassLoader(system),false) clientinfo: ClientInfo(http://localhost:8080/,http://localhost:8080/app/default,1920.0,977.0,false,en-US,List(en-US, en),Map(Idea-5603506d -> fcf36573-42fe-49ea-b564-4fe58576662c),Map(Host -> List(localhost:8080), Cookie -> List(Idea-5603506d=fcf36573-42fe-49ea-b564-4fe58576662c), Origin -> List(http://localhost:8080), Pragma -> List(no-cache), Upgrade -> List(websocket), Connection -> List(Upgrade), User-Agent -> List(Mozilla/5.0 (Macintosh; Intel Mac OS X 10_15_4) AppleWebKit/537.36 (KHTML, like Gecko) Chrome/83.0.4103.97 Safari/537.36), Cache-Control -> List(no-cache), Remote-Address -> List(0:0:0:0:0:0:0:1:52922), Timeout-Access -> List(<function1>), Accept-Encoding -> List(gzip, deflate, br), Accept-Language -> List(en-US,en;q=0.9), Raw-Request-URI -> List(/app/0!default), Tls-Session-Info -> List(Session(1591748698369|SSL_NULL_WITH_NULL_NULL)), Sec-WebSocket-Key -> List(csJvTCEeDjxvFLbAbU+jJg==), UpgradeToWebSocket -> List(), Sec-WebSocket-Version -> List(13), Sec-WebSocket-Extensions -> List(permessage-deflate; client_max_window_bits)))out: Actor[akka://application/system/StreamSupervisor-0/$$f-actorRefSource#879273903]
2020-06-09 17:25:01,638 [INFO] in scala-execution-context-global-44 - [[37minfo[0m] c.j.m.s.Util$ - 5
2020-06-09 17:25:01,719 [INFO] in scala-execution-context-global-47 - [[37minfo[0m] com.jpro.JS - received msg: new MainID: 936 userid: 1367905684
2020-06-09 17:25:03,758 [INFO] in scala-execution-context-global-47 - [[37minfo[0m] c.j.i.s.ViewInfo$ - 
2020-06-09 17:25:03,758 [INFO] in scala-execution-context-global-47 - [[37minfo[0m] c.j.i.s.ViewInfo$ - Application closed:
2020-06-09 17:25:03,758 [INFO] in scala-execution-context-global-47 - [[37minfo[0m] c.j.i.s.ViewInfo$ - startTime      : Tue Jun 09 17:25:03 PDT 2020      
2020-06-09 17:25:03,758 [INFO] in scala-execution-context-global-47 - [[37minfo[0m] c.j.i.s.ViewInfo$ - averageLatency : 00:00:00.026 
2020-06-09 17:25:03,759 [INFO] in scala-execution-context-global-47 - [[37minfo[0m] c.j.i.s.ViewInfo$ - averageJitter  : 00:00:00.031  
2020-06-09 17:25:03,759 [INFO] in scala-execution-context-global-47 - [[37minfo[0m] c.j.i.s.ViewInfo$ - framerateServer: 00:00:00.000
2020-06-09 17:25:03,759 [INFO] in scala-execution-context-global-47 - [[37minfo[0m] c.j.i.s.ViewInfo$ - framerateClient: 00:00:00.000
2020-06-09 17:25:03,759 [INFO] in scala-execution-context-global-47 - [[37minfo[0m] c.j.i.s.ViewInfo$ - raw            : 41184
2020-06-09 17:25:03,759 [INFO] in scala-execution-context-global-47 - [[37minfo[0m] c.j.i.s.ViewInfo$ - zipped         : 6377
2020-06-09 17:25:03,759 [INFO] in scala-execution-context-global-47 - [[37minfo[0m] c.j.i.s.ViewInfo$ - 
2020-06-09 17:25:09,840 [INFO] in scala-execution-context-global-46 - [[37minfo[0m] c.j.i.c.InstanceImpl - closing window!
2020-06-09 17:25:46,919 [INFO] in scala-execution-context-global-31 - [[37minfo[0m] c.j.i.s.Initializer$ - redirected OUT / ERR
2020-06-09 17:25:46,920 [INFO] in scala-execution-context-global-44 - [[37minfo[0m] c.j.i.s.Initializer$ - installed SLF4JBridge
2020-06-09 17:25:46,921 [INFO] in scala-execution-context-global-44 - [[37minfo[0m] c.j.i.s.MonocleInitializer$ - screen: null
2020-06-09 17:25:46,921 [INFO] in scala-execution-context-global-44 - Warning: Quantum will not submit render jobs, nothing should draw
2020-06-09 17:25:46,921 [INFO] in scala-execution-context-global-44 - [[37minfo[0m] c.j.i.s.Initializer$ - finished init!
2020-06-09 17:25:46,921 [INFO] in scala-execution-context-global-46 - [[37minfo[0m] c.j.i.s.Initializer$ - JavaFX version: 11.0.3.4-jpro+0-2019-12-20-172819
2020-06-09 17:25:47,193 [INFO] in scala-execution-context-global-47 - [[37minfo[0m] c.j.i.c.m.ChartJSONImExporter - Imported chart data Tue Jun 09 17:25:46 PDT 2020
2020-06-09 17:25:47,196 [INFO] in scala-execution-context-global-47 - [[37minfo[0m] c.j.i.c.m.DynamicDataModel - Started Monitoring chart data...
2020-06-09 17:25:47,429 [INFO] in scala-execution-context-global-47 - [[37minfo[0m] play.api.Play - Application started (Prod)
2020-06-09 17:25:48,145 [INFO] in scala-execution-context-global-47 - [[37minfo[0m] p.c.s.AkkaHttpServer - Listening for HTTP on /0:0:0:0:0:0:0:0:8080
2020-06-09 17:25:49,380 [INFO] in scala-execution-context-global-47 - [[37minfo[0m] c.jpro - application requested: 0!default
2020-06-09 17:25:49,392 [INFO] in scala-execution-context-global-47 - [[37minfo[0m] c.jpro - Creating Application: 0!default
2020-06-09 17:25:49,396 [INFO] in scala-execution-context-global-47 - [[37minfo[0m] c.jpro - remoteAddress 0:0:0:0:0:0:0:1
2020-06-09 17:25:49,396 [INFO] in scala-execution-context-global-47 - [[37minfo[0m] c.jpro - host          localhost:8080
2020-06-09 17:25:49,396 [INFO] in scala-execution-context-global-47 - [[37minfo[0m] c.jpro - uri           /app/0!default
2020-06-09 17:25:49,741 [INFO] in scala-execution-context-global-47 - [[31merror[0m] c.j.i.s.ViewSerializerActor - JavaFXStreamer - got Exception: 
2020-06-09 17:25:49,741 [INFO] in scala-execution-context-global-47 - java.lang.Exception: Can't start com.maze.mazeFX.Main@3b928f1d with JPro. com.maze.mazeFX.Main@3b928f1d does not extend javafx.application.Application
2020-06-09 17:25:49,742 [INFO] in scala-execution-context-global-47 - 	at com.jpro.internal.config.ApplicationStarter$.$anonfun$startApplication$2(ApplicationStarter.scala:118)
2020-06-09 17:25:49,742 [INFO] in scala-execution-context-global-44 - 	at simplefx.cores.interfaces.parts.testing.CoreTesting.inFX(CoreTesting.scala:19)
2020-06-09 17:25:49,742 [INFO] in scala-execution-context-global-44 - 	at simplefx.cores.interfaces.parts.testing.CoreTesting.inFX$(CoreTesting.scala:16)
2020-06-09 17:25:49,742 [INFO] in scala-execution-context-global-44 - 	at simplefx.cores.standard.Core.inFX(Core.scala:9)
2020-06-09 17:25:49,742 [INFO] in scala-execution-context-global-44 - 	at com.jpro.internal.config.ApplicationStarter$.startApplication(ApplicationStarter.scala:114)
2020-06-09 17:25:49,742 [INFO] in scala-execution-context-global-47 - 	at com.jpro.internal.config.ApplicationStarter$.requestApplication(ApplicationStarter.scala:97)
2020-06-09 17:25:49,742 [INFO] in scala-execution-context-global-44 - 	at com.jpro.internal.config.ApplicationStarter$.getApplication(ApplicationStarter.scala:63)
2020-06-09 17:25:49,742 [INFO] in scala-execution-context-global-47 - 	at com.jpro.internal.communicator.ViewImpl.<init>(ViewImpl.scala:29)
2020-06-09 17:25:49,742 [INFO] in scala-execution-context-global-47 - 	at com.jpro.internal.server.ViewByActor.<init>(ViewSerializerActor.scala:82)
2020-06-09 17:25:49,742 [INFO] in scala-execution-context-global-47 - 	at com.jpro.internal.server.ViewSerializerActor$$anonfun$receive$1$$anonfun$applyOrElse$1.$anonfun$applyOrElse$2(ViewSerializerActor.scala:50)
2020-06-09 17:27:12,665 [INFO] in scala-execution-context-global-44 - [[37minfo[0m] c.j.i.s.Initializer$ - redirected OUT / ERR
2020-06-09 17:27:12,665 [INFO] in scala-execution-context-global-44 - [[37minfo[0m] c.j.i.s.Initializer$ - installed SLF4JBridge
2020-06-09 17:27:12,665 [INFO] in scala-execution-context-global-44 - [[37minfo[0m] c.j.i.s.MonocleInitializer$ - screen: null
2020-06-09 17:27:12,665 [INFO] in scala-execution-context-global-44 - Warning: Quantum will not submit render jobs, nothing should draw
2020-06-09 17:27:12,665 [INFO] in scala-execution-context-global-44 - [[37minfo[0m] c.j.i.s.Initializer$ - finished init!
2020-06-09 17:27:12,665 [INFO] in scala-execution-context-global-44 - [[37minfo[0m] c.j.i.s.Initializer$ - JavaFX version: 11.0.3.4-jpro+0-2019-12-20-172819
2020-06-09 17:27:13,001 [INFO] in scala-execution-context-global-44 - [[37minfo[0m] c.j.i.c.m.ChartJSONImExporter - Imported chart data Tue Jun 09 17:27:12 PDT 2020
2020-06-09 17:27:13,004 [INFO] in scala-execution-context-global-44 - [[37minfo[0m] c.j.i.c.m.DynamicDataModel - Started Monitoring chart data...
2020-06-09 17:27:13,239 [INFO] in scala-execution-context-global-44 - [[37minfo[0m] play.api.Play - Application started (Prod)
2020-06-09 17:27:14,116 [INFO] in scala-execution-context-global-44 - [[37minfo[0m] p.c.s.AkkaHttpServer - Listening for HTTP on /0:0:0:0:0:0:0:0:8080
2020-06-09 17:27:14,866 [INFO] in scala-execution-context-global-44 - [[37minfo[0m] c.jpro - application requested: 0!default
2020-06-09 17:27:14,949 [INFO] in scala-execution-context-global-44 - [[37minfo[0m] c.jpro - Creating Application: 0!default
2020-06-09 17:27:14,968 [INFO] in scala-execution-context-global-44 - [[37minfo[0m] c.jpro - remoteAddress 0:0:0:0:0:0:0:1
2020-06-09 17:27:14,970 [INFO] in scala-execution-context-global-44 - [[37minfo[0m] c.jpro - host          localhost:8080
2020-06-09 17:27:14,971 [INFO] in scala-execution-context-global-44 - [[37minfo[0m] c.jpro - uri           /app/0!default
2020-06-09 17:27:15,619 [INFO] in scala-execution-context-global-44 - [[37minfo[0m] c.jpro - application requested: 0!default
2020-06-09 17:27:15,620 [INFO] in scala-execution-context-global-44 - [[37minfo[0m] c.jpro - Creating Application: 0!default
2020-06-09 17:27:15,620 [INFO] in scala-execution-context-global-44 - [[37minfo[0m] c.jpro - remoteAddress 0:0:0:0:0:0:0:1
2020-06-09 17:27:15,622 [INFO] in scala-execution-context-global-31 - [[37minfo[0m] c.jpro - host          localhost:8080
2020-06-09 17:27:15,661 [INFO] in scala-execution-context-global-31 - [[37minfo[0m] c.jpro - uri           /app/0!default
2020-06-09 17:27:15,710 [INFO] in scala-execution-context-global-31 - [[37minfo[0m] c.j.i.s.ViewSerializerActor - appdef: AppByMain(default,com.maze.mazeFX.View.MazeFX,None,NamedClassLoader(system),false) clientinfo: ClientInfo(http://localhost:8080/,http://localhost:8080/app/default,1920.0,977.0,false,en-US,List(en-US, en),Map(Idea-5603506d -> fcf36573-42fe-49ea-b564-4fe58576662c),Map(Host -> List(localhost:8080), Cookie -> List(Idea-5603506d=fcf36573-42fe-49ea-b564-4fe58576662c), Origin -> List(http://localhost:8080), Pragma -> List(no-cache), Upgrade -> List(websocket), Connection -> List(Upgrade), User-Agent -> List(Mozilla/5.0 (Macintosh; Intel Mac OS X 10_15_4) AppleWebKit/537.36 (KHTML, like Gecko) Chrome/83.0.4103.97 Safari/537.36), Cache-Control -> List(no-cache), Remote-Address -> List(0:0:0:0:0:0:0:1:53071), Timeout-Access -> List(<function1>), Accept-Encoding -> List(gzip, deflate, br), Accept-Language -> List(en-US,en;q=0.9), Raw-Request-URI -> List(/app/0!default), Tls-Session-Info -> List(Session(1591748833486|SSL_NULL_WITH_NULL_NULL)), Sec-WebSocket-Key -> List(kRLqDDSA8bdZHOHNFqdJgg==), UpgradeToWebSocket -> List(), Sec-WebSocket-Version -> List(13), Sec-WebSocket-Extensions -> List(permessage-deflate; client_max_window_bits)))out: Actor[akka://application/system/StreamSupervisor-0/$$f-actorRefSource#-187321062]
2020-06-09 17:27:17,563 [INFO] in scala-execution-context-global-31 - [[37minfo[0m] c.j.i.s.ViewSerializerActor - appdef: AppByMain(default,com.maze.mazeFX.View.MazeFX,None,NamedClassLoader(system),false) clientinfo: ClientInfo(http://localhost:8080/,http://localhost:8080/app/default,1920.0,977.0,false,en-US,List(en-US, en),Map(Idea-5603506d -> fcf36573-42fe-49ea-b564-4fe58576662c),Map(Host -> List(localhost:8080), Cookie -> List(Idea-5603506d=fcf36573-42fe-49ea-b564-4fe58576662c), Origin -> List(http://localhost:8080), Pragma -> List(no-cache), Upgrade -> List(websocket), Connection -> List(Upgrade), User-Agent -> List(Mozilla/5.0 (Macintosh; Intel Mac OS X 10_15_4) AppleWebKit/537.36 (KHTML, like Gecko) Chrome/83.0.4103.97 Safari/537.36), Cache-Control -> List(no-cache), Remote-Address -> List(0:0:0:0:0:0:0:1:53074), Timeout-Access -> List(<function1>), Accept-Encoding -> List(gzip, deflate, br), Accept-Language -> List(en-US,en;q=0.9), Raw-Request-URI -> List(/app/0!default), Tls-Session-Info -> List(Session(1591748833486|SSL_NULL_WITH_NULL_NULL)), Sec-WebSocket-Key -> List(FLzGA3I62rgtYrZDtPODGg==), UpgradeToWebSocket -> List(), Sec-WebSocket-Version -> List(13), Sec-WebSocket-Extensions -> List(permessage-deflate; client_max_window_bits)))out: Actor[akka://application/system/StreamSupervisor-0/$$h-actorRefSource#245059921]
2020-06-09 17:27:17,778 [INFO] in scala-execution-context-global-44 - [[37minfo[0m] c.j.m.s.Util$ - 5
2020-06-09 17:27:17,787 [INFO] in scala-execution-context-global-44 - [[37minfo[0m] c.j.m.s.Util$ - 5
2020-06-09 17:27:17,978 [INFO] in scala-execution-context-global-51 - [[37minfo[0m] com.jpro.JS - received msg: new MainID: 936 userid: 216534940
2020-06-09 17:27:17,981 [INFO] in scala-execution-context-global-51 - [[37minfo[0m] com.jpro.JS - received msg: new MainID: 936 userid: 157781252
2020-06-09 17:27:20,687 [INFO] in scala-execution-context-global-31 - [[37minfo[0m] c.j.i.s.ViewInfo$ - 
2020-06-09 17:27:20,687 [INFO] in scala-execution-context-global-31 - [[37minfo[0m] c.j.i.s.ViewInfo$ - Application closed:
2020-06-09 17:27:20,687 [INFO] in scala-execution-context-global-31 - [[37minfo[0m] c.j.i.s.ViewInfo$ - startTime      : Tue Jun 09 17:27:20 PDT 2020      
2020-06-09 17:27:20,688 [INFO] in scala-execution-context-global-51 - [[37minfo[0m] c.j.i.s.ViewInfo$ - averageLatency : 00:00:00.039 
2020-06-09 17:27:20,689 [INFO] in scala-execution-context-global-51 - [[37minfo[0m] c.j.i.s.ViewInfo$ - averageJitter  : 00:00:00.050  
2020-06-09 17:27:20,689 [INFO] in scala-execution-context-global-51 - [[37minfo[0m] c.j.i.s.ViewInfo$ - framerateServer: 00:00:00.000
2020-06-09 17:27:20,689 [INFO] in scala-execution-context-global-51 - [[37minfo[0m] c.j.i.s.ViewInfo$ - framerateClient: 00:00:00.000
2020-06-09 17:27:20,689 [INFO] in scala-execution-context-global-51 - [[37minfo[0m] c.j.i.s.ViewInfo$ - raw            : 42720
2020-06-09 17:27:20,689 [INFO] in scala-execution-context-global-51 - [[37minfo[0m] c.j.i.s.ViewInfo$ - zipped         : 6907
2020-06-09 17:27:20,689 [INFO] in scala-execution-context-global-51 - [[37minfo[0m] c.j.i.s.ViewInfo$ - 
2020-06-09 17:27:23,555 [INFO] in scala-execution-context-global-55 - [[37minfo[0m] c.j.i.s.ViewInfo$ - 
2020-06-09 17:27:23,556 [INFO] in scala-execution-context-global-55 - [[37minfo[0m] c.j.i.s.ViewInfo$ - Application closed:
2020-06-09 17:27:23,556 [INFO] in scala-execution-context-global-55 - [[37minfo[0m] c.j.i.s.ViewInfo$ - startTime      : Tue Jun 09 17:27:23 PDT 2020      
2020-06-09 17:27:23,556 [INFO] in scala-execution-context-global-55 - [[37minfo[0m] c.j.i.s.ViewInfo$ - averageLatency : 00:00:00.021 
2020-06-09 17:27:23,561 [INFO] in scala-execution-context-global-31 - [[37minfo[0m] c.j.i.s.ViewInfo$ - averageJitter  : 00:00:00.029  
2020-06-09 17:27:23,561 [INFO] in scala-execution-context-global-31 - [[37minfo[0m] c.j.i.s.ViewInfo$ - framerateServer: 00:00:00.000
2020-06-09 17:27:23,561 [INFO] in scala-execution-context-global-51 - [[37minfo[0m] c.j.i.s.ViewInfo$ - framerateClient: 00:00:00.000
2020-06-09 17:27:23,561 [INFO] in scala-execution-context-global-51 - [[37minfo[0m] c.j.i.s.ViewInfo$ - raw            : 38624
2020-06-09 17:27:23,561 [INFO] in scala-execution-context-global-51 - [[37minfo[0m] c.j.i.s.ViewInfo$ - zipped         : 5593
2020-06-09 17:27:23,561 [INFO] in scala-execution-context-global-51 - [[37minfo[0m] c.j.i.s.ViewInfo$ - 
2020-06-09 17:27:27,332 [INFO] in scala-execution-context-global-31 - [[37minfo[0m] c.j.i.c.InstanceImpl - closing window!
2020-06-09 17:27:31,158 [INFO] in scala-execution-context-global-31 - [[37minfo[0m] c.j.i.c.InstanceImpl - closing window!
2020-06-09 17:29:52,187 [INFO] in scala-execution-context-global-45 - [[37minfo[0m] c.j.i.s.Initializer$ - redirected OUT / ERR
2020-06-09 17:29:52,188 [INFO] in scala-execution-context-global-45 - [[37minfo[0m] c.j.i.s.Initializer$ - installed SLF4JBridge
2020-06-09 17:29:52,188 [INFO] in scala-execution-context-global-45 - [[37minfo[0m] c.j.i.s.MonocleInitializer$ - screen: null
2020-06-09 17:29:52,188 [INFO] in scala-execution-context-global-45 - Warning: Quantum will not submit render jobs, nothing should draw
2020-06-09 17:29:52,188 [INFO] in scala-execution-context-global-45 - [[37minfo[0m] c.j.i.s.Initializer$ - finished init!
2020-06-09 17:29:52,188 [INFO] in scala-execution-context-global-45 - [[37minfo[0m] c.j.i.s.Initializer$ - JavaFX version: 11.0.3.4-jpro+0-2019-12-20-172819
2020-06-09 17:29:52,470 [INFO] in scala-execution-context-global-45 - [[37minfo[0m] c.j.i.c.m.ChartJSONImExporter - Imported chart data Tue Jun 09 17:29:51 PDT 2020
2020-06-09 17:29:52,473 [INFO] in scala-execution-context-global-45 - [[37minfo[0m] c.j.i.c.m.DynamicDataModel - Started Monitoring chart data...
2020-06-09 17:29:52,717 [INFO] in scala-execution-context-global-45 - [[37minfo[0m] play.api.Play - Application started (Prod)
2020-06-09 17:29:53,363 [INFO] in scala-execution-context-global-45 - [[37minfo[0m] p.c.s.AkkaHttpServer - Listening for HTTP on /0:0:0:0:0:0:0:0:8080
2020-06-09 17:29:54,779 [INFO] in scala-execution-context-global-45 - [[37minfo[0m] c.jpro - application requested: 0!default
2020-06-09 17:29:54,794 [INFO] in scala-execution-context-global-45 - [[37minfo[0m] c.jpro - Creating Application: 0!default
2020-06-09 17:29:54,796 [INFO] in scala-execution-context-global-45 - [[37minfo[0m] c.jpro - remoteAddress 0:0:0:0:0:0:0:1
2020-06-09 17:29:54,796 [INFO] in scala-execution-context-global-45 - [[37minfo[0m] c.jpro - host          localhost:8080
2020-06-09 17:29:54,797 [INFO] in scala-execution-context-global-45 - [[37minfo[0m] c.jpro - uri           /app/0!default
2020-06-09 17:29:55,336 [INFO] in scala-execution-context-global-45 - [[37minfo[0m] c.j.i.s.ViewSerializerActor - appdef: AppByMain(default,com.maze.mazeFX.View.MazeFX,None,NamedClassLoader(system),false) clientinfo: ClientInfo(http://localhost:8080/,http://localhost:8080/app/default,1920.0,977.0,false,en-US,List(en-US, en),Map(Idea-5603506d -> fcf36573-42fe-49ea-b564-4fe58576662c),Map(Host -> List(localhost:8080), Cookie -> List(Idea-5603506d=fcf36573-42fe-49ea-b564-4fe58576662c), Origin -> List(http://localhost:8080), Pragma -> List(no-cache), Upgrade -> List(websocket), Connection -> List(Upgrade), User-Agent -> List(Mozilla/5.0 (Macintosh; Intel Mac OS X 10_15_4) AppleWebKit/537.36 (KHTML, like Gecko) Chrome/83.0.4103.97 Safari/537.36), Cache-Control -> List(no-cache), Remote-Address -> List(0:0:0:0:0:0:0:1:53256), Timeout-Access -> List(<function1>), Accept-Encoding -> List(gzip, deflate, br), Accept-Language -> List(en-US,en;q=0.9), Raw-Request-URI -> List(/app/0!default), Tls-Session-Info -> List(Session(1591748992941|SSL_NULL_WITH_NULL_NULL)), Sec-WebSocket-Key -> List(YAy7SCgvCJKnra/c39QNww==), UpgradeToWebSocket -> List(), Sec-WebSocket-Version -> List(13), Sec-WebSocket-Extensions -> List(permessage-deflate; client_max_window_bits)))out: Actor[akka://application/system/StreamSupervisor-0/$$f-actorRefSource#-799850126]
2020-06-09 17:29:56,445 [INFO] in scala-execution-context-global-32 - [[37minfo[0m] c.j.m.s.Util$ - 5
2020-06-09 17:29:56,532 [INFO] in scala-execution-context-global-32 - [[37minfo[0m] com.jpro.JS - received msg: new MainID: 936 userid: 592835336
2020-06-09 17:30:23,178 [INFO] in scala-execution-context-global-32 - [[37minfo[0m] c.j.m.s.Util$ - 10
2020-06-09 17:30:26,609 [INFO] in scala-execution-context-global-32 - [[37minfo[0m] c.j.i.s.ViewInfo$ - 
2020-06-09 17:30:26,611 [INFO] in scala-execution-context-global-32 - [[37minfo[0m] c.j.i.s.ViewInfo$ - Application closed:
2020-06-09 17:30:26,612 [INFO] in scala-execution-context-global-45 - [[37minfo[0m] c.j.i.s.ViewInfo$ - startTime      : Tue Jun 09 17:30:26 PDT 2020      
2020-06-09 17:30:26,613 [INFO] in scala-execution-context-global-32 - [[37minfo[0m] c.j.i.s.ViewInfo$ - averageLatency : 00:00:00.020 
2020-06-09 17:30:26,613 [INFO] in scala-execution-context-global-32 - [[37minfo[0m] c.j.i.s.ViewInfo$ - averageJitter  : 00:00:00.001  
2020-06-09 17:30:26,613 [INFO] in scala-execution-context-global-32 - [[37minfo[0m] c.j.i.s.ViewInfo$ - framerateServer: 00:00:00.000
2020-06-09 17:30:26,613 [INFO] in scala-execution-context-global-32 - [[37minfo[0m] c.j.i.s.ViewInfo$ - framerateClient: 00:00:00.000
2020-06-09 17:30:26,613 [INFO] in scala-execution-context-global-32 - [[37minfo[0m] c.j.i.s.ViewInfo$ - raw            : 2363092
2020-06-09 17:30:26,613 [INFO] in scala-execution-context-global-32 - [[37minfo[0m] c.j.i.s.ViewInfo$ - zipped         : 423763
2020-06-09 17:30:26,613 [INFO] in scala-execution-context-global-32 - [[37minfo[0m] c.j.i.s.ViewInfo$ - 
2020-06-09 17:30:41,892 [INFO] in scala-execution-context-global-56 - [[37minfo[0m] c.j.i.c.InstanceImpl - closing window!
2020-06-10 11:16:55,449 [INFO] in scala-execution-context-global-44 - [[37minfo[0m] c.j.i.s.Initializer$ - redirected OUT / ERR
2020-06-10 11:16:55,449 [INFO] in scala-execution-context-global-44 - [[37minfo[0m] c.j.i.s.Initializer$ - installed SLF4JBridge
2020-06-10 11:16:55,449 [INFO] in scala-execution-context-global-31 - [[37minfo[0m] c.j.i.s.MonocleInitializer$ - screen: null
2020-06-10 11:16:55,450 [INFO] in scala-execution-context-global-31 - Warning: Quantum will not submit render jobs, nothing should draw
2020-06-10 11:16:55,451 [INFO] in scala-execution-context-global-46 - [[37minfo[0m] c.j.i.s.Initializer$ - finished init!
2020-06-10 11:16:55,451 [INFO] in scala-execution-context-global-46 - [[37minfo[0m] c.j.i.s.Initializer$ - JavaFX version: 11.0.3.4-jpro+0-2019-12-20-172819
2020-06-10 11:16:55,726 [INFO] in scala-execution-context-global-31 - [[37minfo[0m] c.j.i.c.m.ChartJSONImExporter - Imported chart data Wed Jun 10 11:16:55 PDT 2020
2020-06-10 11:16:55,728 [INFO] in scala-execution-context-global-31 - [[37minfo[0m] c.j.i.c.m.DynamicDataModel - Started Monitoring chart data...
2020-06-10 11:16:55,966 [INFO] in scala-execution-context-global-31 - [[37minfo[0m] play.api.Play - Application started (Prod)
2020-06-10 11:16:56,856 [INFO] in scala-execution-context-global-31 - [[37minfo[0m] p.c.s.AkkaHttpServer - Listening for HTTP on /0:0:0:0:0:0:0:0:8080
2020-06-10 11:16:58,262 [INFO] in scala-execution-context-global-31 - [[37minfo[0m] c.jpro - application requested: 0!default
2020-06-10 11:16:58,277 [INFO] in scala-execution-context-global-31 - [[37minfo[0m] c.jpro - Creating Application: 0!default
2020-06-10 11:16:58,280 [INFO] in scala-execution-context-global-31 - [[37minfo[0m] c.jpro - remoteAddress 0:0:0:0:0:0:0:1
2020-06-10 11:16:58,280 [INFO] in scala-execution-context-global-31 - [[37minfo[0m] c.jpro - host          localhost:8080
2020-06-10 11:16:58,281 [INFO] in scala-execution-context-global-31 - [[37minfo[0m] c.jpro - uri           /app/0!default
2020-06-10 11:16:58,903 [INFO] in scala-execution-context-global-31 - [[37minfo[0m] c.j.i.s.ViewSerializerActor - appdef: AppByMain(default,com.maze.mazeFX.View.MazeFX,None,NamedClassLoader(system),false) clientinfo: ClientInfo(http://localhost:8080/,http://localhost:8080/app/default,1920.0,977.0,false,en-US,List(en-US, en),Map(Idea-5603506d -> fcf36573-42fe-49ea-b564-4fe58576662c),Map(Host -> List(localhost:8080), Cookie -> List(Idea-5603506d=fcf36573-42fe-49ea-b564-4fe58576662c), Origin -> List(http://localhost:8080), Pragma -> List(no-cache), Upgrade -> List(websocket), Connection -> List(Upgrade), User-Agent -> List(Mozilla/5.0 (Macintosh; Intel Mac OS X 10_15_4) AppleWebKit/537.36 (KHTML, like Gecko) Chrome/83.0.4103.97 Safari/537.36), Cache-Control -> List(no-cache), Remote-Address -> List(0:0:0:0:0:0:0:1:52047), Timeout-Access -> List(<function1>), Accept-Encoding -> List(gzip, deflate, br), Accept-Language -> List(en-US,en;q=0.9), Raw-Request-URI -> List(/app/0!default), Tls-Session-Info -> List(Session(1591813016325|SSL_NULL_WITH_NULL_NULL)), Sec-WebSocket-Key -> List(rEJklwe8zXawYVhZhH16fA==), UpgradeToWebSocket -> List(), Sec-WebSocket-Version -> List(13), Sec-WebSocket-Extensions -> List(permessage-deflate; client_max_window_bits)))out: Actor[akka://application/system/StreamSupervisor-0/$$f-actorRefSource#-431760530]
2020-06-10 11:17:00,069 [INFO] in scala-execution-context-global-46 - [[37minfo[0m] c.j.m.s.Util$ - 5
2020-06-10 11:17:00,176 [INFO] in scala-execution-context-global-46 - [[37minfo[0m] com.jpro.JS - received msg: new MainID: 936 userid: 173119998
2020-06-10 11:17:04,805 [INFO] in scala-execution-context-global-46 - [[37minfo[0m] c.j.i.s.ViewInfo$ - 
2020-06-10 11:17:04,806 [INFO] in scala-execution-context-global-46 - [[37minfo[0m] c.j.i.s.ViewInfo$ - Application closed:
2020-06-10 11:17:04,811 [INFO] in scala-execution-context-global-31 - [[37minfo[0m] c.j.i.s.ViewInfo$ - startTime      : Wed Jun 10 11:17:04 PDT 2020      
2020-06-10 11:17:04,811 [INFO] in scala-execution-context-global-31 - [[37minfo[0m] c.j.i.s.ViewInfo$ - averageLatency : 00:00:00.031 
2020-06-10 11:17:04,811 [INFO] in scala-execution-context-global-31 - [[37minfo[0m] c.j.i.s.ViewInfo$ - averageJitter  : 00:00:00.029  
2020-06-10 11:17:04,813 [INFO] in scala-execution-context-global-46 - [[37minfo[0m] c.j.i.s.ViewInfo$ - framerateServer: 00:00:00.000
2020-06-10 11:17:04,813 [INFO] in scala-execution-context-global-46 - [[37minfo[0m] c.j.i.s.ViewInfo$ - framerateClient: 00:00:00.000
2020-06-10 11:17:04,813 [INFO] in scala-execution-context-global-46 - [[37minfo[0m] c.j.i.s.ViewInfo$ - raw            : 48352
2020-06-10 11:17:04,814 [INFO] in scala-execution-context-global-46 - [[37minfo[0m] c.j.i.s.ViewInfo$ - zipped         : 8578
2020-06-10 11:17:04,814 [INFO] in scala-execution-context-global-46 - [[37minfo[0m] c.j.i.s.ViewInfo$ - 
2020-06-10 11:17:11,786 [INFO] in scala-execution-context-global-55 - [[37minfo[0m] c.j.i.c.InstanceImpl - closing window!
